Analysis of sampling 1brc (pid 94942) every 1 millisecond
Process:         1brc [94942]
Path:            /Users/USER/Desktop/*/1brc
Load Address:    0x100b78000
Identifier:      1brc
Version:         ???
Code Type:       ARM64
Parent Process:  bash [94474]
Target Type:     live task

Date/Time:       2026-03-03 12:36:29.139 -0500
Launch Time:     2026-03-03 12:36:29.048 -0500
OS Version:      macOS 26.3 (25D125)
Report Version:  7
Analysis Tool:   /usr/bin/sample

Physical footprint:         864K
Physical footprint (peak):  896K
Idle exit:                  untracked
----

Call graph:
    281 Thread_4418642: Main Thread
    + 263 _dyld_start  (in dyld) + 0  [0x100ca09c0]
    + 11 start  (in dyld) + 6060  [0x100ca48f0]
    + ! 11 dyld4::ExternallyViewableState::createMinimalInfo(lsl::Allocator&, unsigned long long, char const*, unsigned long long, char const*, DyldSharedCache const*)  (in dyld) + 1660  [0x100cec498]
    + !   11 dyld4::ExternallyViewableState::triggerNotifications(dyld_image_mode, unsigned int, dyld_image_info const*)  (in dyld) + 264  [0x100cecc6c]
    + !     11 dyld4::RemoteNotificationResponder::blockOnSynchronousEvent(unsigned int)  (in dyld) + 48  [0x100cd5a30]
    + !       11 dyld4::RemoteNotificationResponder::sendMessage(int, unsigned int, mach_msg_header_t*)  (in dyld) + 220  [0x100cd56a4]
    + !         11 mach_msg_overwrite  (in dyld) + 244  [0x100d24b64]
    + !           11 mach_msg2_internal  (in dyld) + 76  [0x100d249b8]
    + !             11 mach_msg2_trap  (in dyld) + 8  [0x100c9d72c]
    + 5 start  (in dyld) + 7104  [0x18b75dd04]
    + ! 4 dyld4::prepare(dyld4::APIs&, mach_o::Header const*)  (in dyld) + 2996  [0x18b75f0e4]
    + ! : 4 dyld4::RuntimeState::notifyDebuggerLoad(std::span<dyld4::Loader const*, 18446744073709551615ul> const&)  (in dyld) + 432  [0x18b76e184]
    + ! :   4 dyld4::ExternallyViewableState::addImages(lsl::Allocator&, lsl::Allocator&, std::span<dyld4::ExternallyViewableState::ImageInfo, 18446744073709551615ul> const&)  (in dyld) + 544  [0x18b7a607c]
    + ! :     4 dyld4::ExternallyViewableState::triggerNotifications(dyld_image_mode, unsigned int, dyld_image_info const*)  (in dyld) + 264  [0x18b7a5c6c]
    + ! :       4 dyld4::RemoteNotificationResponder::blockOnSynchronousEvent(unsigned int)  (in dyld) + 48  [0x18b78ea30]
    + ! :         4 dyld4::RemoteNotificationResponder::sendMessage(int, unsigned int, mach_msg_header_t*)  (in dyld) + 220  [0x18b78e6a4]
    + ! :           4 mach_msg_overwrite  (in dyld) + 244  [0x18b7ddb64]
    + ! :             4 mach_msg2_internal  (in dyld) + 76  [0x18b7dd9b8]
    + ! :               4 mach_msg2_trap  (in dyld) + 8  [0x18b75672c]
    + ! 1 dyld4::prepare(dyld4::APIs&, mach_o::Header const*)  (in dyld) + 1660  [0x18b75ebac]
    + !   1 dyld4::JustInTimeLoader::applyFixups(Diagnostics&, dyld4::RuntimeState&, dyld4::DyldCacheDataConstLazyScopedWriter&, bool, lsl::Vector<std::pair<dyld4::Loader const*, char const*>>*) const  (in dyld) + 616  [0x18b782078]
    + !     1 dyld4::Loader::forEachBindTarget(Diagnostics&, dyld4::RuntimeState&, void (unsigned int, unsigned int, dyld4::Loader::ResolvedSymbol const&) block_pointer, bool, void (dyld4::Loader::ResolvedSymbol const&, bool&) block_pointer, void (dyld4::Loader::ResolvedSymbol const&, bool&) block_pointer) const  (in dyld) + 108  [0x18b77b578]
    + !       1 dyld3::MachOAnalyzer::withVMLayout(Diagnostics&, void (mach_o::Layout const&) block_pointer) const  (in dyld) + 672  [0x18b7b551c]
    + !         1 invocation function for block in dyld4::Loader::forEachBindTarget(Diagnostics&, dyld4::RuntimeState&, void (unsigned int, unsigned int, dyld4::Loader::ResolvedSymbol const&) block_pointer, bool, void (dyld4::Loader::ResolvedSymbol const&, bool&) block_pointer, void (dyld4::Loader::ResolvedSymbol const&, bool&) block_pointer) const  (in dyld) + 264  [0x18b77b68c]
    + !           1 mach_o::Fixups::forEachBindTarget_ChainedFixups(Diagnostics&, void (mach_o::Fixups::BindTargetInfo const&, bool&) block_pointer) const  (in dyld) + 144  [0x18b7b1b7c]
    + !             1 dyld3::MachOFile::forEachChainedFixupTarget(Diagnostics&, dyld_chained_fixups_header const*, linkedit_data_command const*, void (int, char const*, unsigned long long, bool, bool&) block_pointer)  (in dyld) + 256  [0x18b7ad598]
    + !               1 invocation function for block in mach_o::Fixups::forEachBindTarget_ChainedFixups(Diagnostics&, void (mach_o::Fixups::BindTargetInfo const&, bool&) block_pointer) const  (in dyld) + 72  [0x18b7b1eb0]
    + !                 1 invocation function for block in dyld4::Loader::forEachBindTarget(Diagnostics&, dyld4::RuntimeState&, void (unsigned int, unsigned int, dyld4::Loader::ResolvedSymbol const&) block_pointer, bool, void (dyld4::Loader::ResolvedSymbol const&, bool&) block_pointer, void (dyld4::Loader::ResolvedSymbol const&, bool&) block_pointer) const  (in dyld) + 100  [0x18b77b71c]
    + !                   1 dyld4::Loader::resolveSymbol(Diagnostics&, dyld4::RuntimeState&, int, char const*, bool, bool, void (unsigned int, unsigned int, dyld4::Loader::ResolvedSymbol const&) block_pointer, bool) const  (in dyld) + 848  [0x18b77bad4]
    + !                     1 invocation function for block in dyld4::Loader::resolveSymbol(Diagnostics&, dyld4::RuntimeState&, int, char const*, bool, bool, void (unsigned int, unsigned int, dyld4::Loader::ResolvedSymbol const&) block_pointer, bool) const  (in dyld) + 708  [0x18b77d0ec]
    + !                       1 dyld4::Loader::hasExportedSymbol(Diagnostics&, dyld4::RuntimeState&, char const*, dyld4::Loader::ExportedSymbolMode, dyld4::Loader::ResolverMode, dyld4::Loader::ResolvedSymbol*, dyld3::Array<dyld4::Loader const*>*) const  (in dyld) + 384  [0x18b77c864]
    + !                         1 dyld3::MachOFile::trieWalk(Diagnostics&, unsigned char const*, unsigned char const*, char const*)  (in dyld) + 240  [0x18b7adb70]
    + 1 start  (in dyld) + 4752  [0x100ca43d4]
    + ! 1 dyld4::ExternallyViewableState::createMinimalInfo(lsl::Allocator&, unsigned long long, char const*, unsigned long long, char const*, DyldSharedCache const*)  (in dyld) + 1660  [0x100cec498]
    + !   1 dyld4::ExternallyViewableState::triggerNotifications(dyld_image_mode, unsigned int, dyld_image_info const*)  (in dyld) + 264  [0x100cecc6c]
    + !     1 dyld4::RemoteNotificationResponder::blockOnSynchronousEvent(unsigned int)  (in dyld) + 48  [0x100cd5a30]
    + !       1 dyld4::RemoteNotificationResponder::sendMessage(int, unsigned int, mach_msg_header_t*)  (in dyld) + 220  [0x100cd56a4]
    + !         1 mach_msg_overwrite  (in dyld) + 244  [0x100d24b64]
    + !           1 mach_msg2_internal  (in dyld) + 76  [0x100d249b8]
    + !             1 mach_msg2_trap  (in dyld) + 8  [0x100c9d72c]
    + 1 start  (in dyld) + 4076  [0x18b75d130]
    +   1 dyld4::ExternallyViewableState::createMinimalInfo(lsl::Allocator&, unsigned long long, char const*, unsigned long long, char const*, DyldSharedCache const*)  (in dyld) + 1660  [0x18b7a5498]
    +     1 dyld4::ExternallyViewableState::triggerNotifications(dyld_image_mode, unsigned int, dyld_image_info const*)  (in dyld) + 264  [0x18b7a5c6c]
    +       1 dyld4::RemoteNotificationResponder::blockOnSynchronousEvent(unsigned int)  (in dyld) + 48  [0x18b78ea30]
    +         1 dyld4::RemoteNotificationResponder::sendMessage(int, unsigned int, mach_msg_header_t*)  (in dyld) + 220  [0x18b78e6a4]
    +           1 mach_msg_overwrite  (in dyld) + 244  [0x18b7ddb64]
    +             1 mach_msg2_internal  (in dyld) + 76  [0x18b7dd9b8]
    +               1 mach_msg2_trap  (in dyld) + 8  [0x18b75672c]
    8180 Thread_4418642   DispatchQueue_1: com.apple.main-thread  (serial)
      8180 start  (in dyld) + 7184  [0x18b75dd54]
        8179 main  (in 1brc) + 76  [0x100b7a930]  1brc.cpp:306
        ! 8179 create_weather_station_map()  (in 1brc) + 36  [0x100b79a78]  1brc.cpp:217
        !   8179 mmap_file()  (in 1brc) + 256  [0x100b78ea8]  1brc.cpp:110
        !     8179 mmap  (in libsystem_kernel.dylib) + 80  [0x18bae59a8]
        !       8179 __mmap  (in libsystem_kernel.dylib) + 8  [0x18bae5a04]
        1 main  (in 1brc) + 52  [0x100b7a918]  1brc.cpp:301
          1 std::println[abi:ne200100]<>(std::basic_format_string<char>)  (in 1brc) + 52  [0x100b7a8ac]  print:377
            1 std::println[abi:ne200100]<>(__sFILE*, std::basic_format_string<char>)  (in 1brc) + 104  [0x100b9b62c]  print:357
              1 std::__print::__vprint_unicode[abi:ne200100]<void>(__sFILE*, std::basic_string_view<char>, std::basic_format_args<std::basic_format_context<std::back_insert_iterator<std::__format::__output_buffer<char>>, char>>, bool)  (in 1brc) + 124  [0x100b833c0]  print:321
                1 std::__print::__vprint_unicode_posix[abi:ne200100]<void>(__sFILE*, std::basic_string_view<char>, std::basic_format_args<std::basic_format_context<std::back_insert_iterator<std::__format::__output_buffer<char>>, char>>, bool, bool)  (in 1brc) + 120  [0x100b834cc]  print:248
                  1 std::__print::__vprint_nonunicode[abi:ne200100]<void>(__sFILE*, std::basic_string_view<char>, std::basic_format_args<std::basic_format_context<std::back_insert_iterator<std::__format::__output_buffer<char>>, char>>, bool)  (in 1brc) + 508  [0x100b836f8]  print:226
                    1 fwrite  (in libsystem_c.dylib) + 316  [0x18b9d3f90]
                      1 __sfvwrite  (in libsystem_c.dylib) + 836  [0x18b9b7e14]
                        1 __sflush  (in libsystem_c.dylib) + 232  [0x18b9c33e4]
                          1 _swrite  (in libsystem_c.dylib) + 108  [0x18b9c535c]
                            1 __swrite  (in libsystem_c.dylib) + 24  [0x18b9e4884]
                              1 __write_nocancel  (in libsystem_kernel.dylib) + 8  [0x18bae8bd0]

Total number in stack (recursive counted multiple, when >=5):

Sort by top of stack, same collapsed (when >= 5):
        __mmap  (in libsystem_kernel.dylib)        8179
        _dyld_start  (in dyld)        263
        mach_msg2_trap  (in dyld)        17

Binary images description not available

